2021-11-15 00:03:33.305  INFO 21468 --- [main] com.example.goods.GoodsApplicationTests  : Starting GoodsApplicationTests on MSI with PID 21468 (started by xiao in E:\vuefile\demo\demo13\GoodServer\Goods)
2021-11-15 00:03:33.310 DEBUG 21468 --- [main] com.example.goods.GoodsApplicationTests  : Running with Spring Boot v2.3.2.RELEASE, Spring v5.2.8.RELEASE
2021-11-15 00:03:33.311  INFO 21468 --- [main] com.example.goods.GoodsApplicationTests  : No active profile set, falling back to default profiles: default
2021-11-15 00:03:34.250  INFO 21468 --- [main] trationDelegate$BeanPostProcessorChecker : Bean 'org.springframework.security.access.expression.method.DefaultMethodSecurityExpressionHandler@6dd36ab6' of type [org.springframework.security.access.expression.method.DefaultMethodSecurityExpressionHandler] is not eligible for getting processed by all BeanPostProcessors (for example: not eligible for auto-proxying)
2021-11-15 00:03:34.262  INFO 21468 --- [main] trationDelegate$BeanPostProcessorChecker : Bean 'methodSecurityMetadataSource' of type [org.springframework.security.access.method.DelegatingMethodSecurityMetadataSource] is not eligible for getting processed by all BeanPostProcessors (for example: not eligible for auto-proxying)
2021-11-15 00:03:34.732  WARN 21468 --- [main] c.b.m.core.injector.AbstractMethod       : [com.example.goods.Dao.OrderCartMapper.delete] Has been loaded by XML or SqlProvider or Mybatis's Annotation, so ignoring this injection for [class com.baomidou.mybatisplus.core.injector.methods.Delete]
2021-11-15 00:03:34.736  WARN 21468 --- [main] c.b.m.core.injector.AbstractMethod       : [com.example.goods.Dao.OrderCartMapper.update] Has been loaded by XML or SqlProvider or Mybatis's Annotation, so ignoring this injection for [class com.baomidou.mybatisplus.core.injector.methods.Update]
2021-11-15 00:03:34.767  WARN 21468 --- [main] c.b.m.core.injector.AbstractMethod       : [com.example.goods.Dao.OrderMasterMapper.delete] Has been loaded by XML or SqlProvider or Mybatis's Annotation, so ignoring this injection for [class com.baomidou.mybatisplus.core.injector.methods.Delete]
2021-11-15 00:03:34.772  WARN 21468 --- [main] c.b.m.core.injector.AbstractMethod       : [com.example.goods.Dao.OrderMasterMapper.update] Has been loaded by XML or SqlProvider or Mybatis's Annotation, so ignoring this injection for [class com.baomidou.mybatisplus.core.injector.methods.Update]
2021-11-15 00:03:35.277  WARN 21468 --- [main] c.b.m.core.metadata.TableInfoHelper      : This primary key of "good_c_id" is primitive !不建议如此请使用包装类 in Class: "com.example.goods.pojo.Good_comment"
2021-11-15 00:03:35.302  WARN 21468 --- [main] c.b.m.core.metadata.TableInfoHelper      : This primary key of "good_id" is primitive !不建议如此请使用包装类 in Class: "com.example.goods.pojo.Goods"
2021-11-15 00:03:35.415  WARN 21468 --- [main] c.b.m.core.metadata.TableInfoHelper      : This primary key of "id" is primitive !不建议如此请使用包装类 in Class: "com.example.goods.pojo.GoodBrand"
2021-11-15 00:03:35.461  WARN 21468 --- [main] c.b.m.core.metadata.TableInfoHelper      : This primary key of "color_id" is primitive !不建议如此请使用包装类 in Class: "com.example.goods.pojo.Good_color"
2021-11-15 00:03:35.476  WARN 21468 --- [main] c.b.m.core.metadata.TableInfoHelper      : This primary key of "id" is primitive !不建议如此请使用包装类 in Class: "com.example.goods.pojo.Good_detali"
2021-11-15 00:03:35.496  WARN 21468 --- [main] c.b.m.core.metadata.TableInfoHelper      : This primary key of "good_i_id" is primitive !不建议如此请使用包装类 in Class: "com.example.goods.pojo.Good_inventory"
2021-11-15 00:03:35.516  WARN 21468 --- [main] c.b.m.core.metadata.TableInfoHelper      : This primary key of "size_id" is primitive !不建议如此请使用包装类 in Class: "com.example.goods.pojo.Good_size"
2021-11-15 00:03:35.541  WARN 21468 --- [main] c.b.m.core.metadata.TableInfoHelper      : This primary key of "id" is primitive !不建议如此请使用包装类 in Class: "com.example.goods.pojo.Gooddetaliname"
2021-11-15 00:03:35.561  WARN 21468 --- [main] c.b.m.core.metadata.TableInfoHelper      : This primary key of "good_t_id" is primitive !不建议如此请使用包装类 in Class: "com.example.goods.pojo.Good_type"
2021-11-15 00:03:35.587  WARN 21468 --- [main] c.b.m.core.metadata.TableInfoHelper      : This primary key of "users_id" is primitive !不建议如此请使用包装类 in Class: "com.example.goods.pojo.User"
2021-11-15 00:03:36.935  INFO 21468 --- [main] o.s.b.a.e.web.EndpointLinksResolver      : Exposing 14 endpoint(s) beneath base path '/actuator'
2021-11-15 00:03:37.025  INFO 21468 --- [main] o.s.s.web.DefaultSecurityFilterChain     : Creating filter chain: any request, [org.springframework.security.web.context.request.async.WebAsyncManagerIntegrationFilter@3feebf9c, org.springframework.security.web.context.SecurityContextPersistenceFilter@537ca28e, org.springframework.security.web.header.HeaderWriterFilter@7606bd03, org.springframework.web.filter.CorsFilter@305e95a4, org.springframework.security.web.authentication.logout.LogoutFilter@52d96367, org.springframework.security.web.authentication.UsernamePasswordAuthenticationFilter@11bdab37, org.springframework.security.web.authentication.ui.DefaultLoginPageGeneratingFilter@7b1a30e5, org.springframework.security.web.authentication.ui.DefaultLogoutPageGeneratingFilter@55e42684, org.springframework.security.web.savedrequest.RequestCacheAwareFilter@7ad889be, org.springframework.security.web.servletapi.SecurityContextHolderAwareRequestFilter@658e7ead, org.springframework.security.web.authentication.AnonymousAuthenticationFilter@18d610e1, org.springframework.security.web.session.SessionManagementFilter@4c5da4f9, org.springframework.security.web.access.ExceptionTranslationFilter@5e98032e, org.springframework.security.web.access.intercept.FilterSecurityInterceptor@4adf3582]
2021-11-15 00:03:37.345  INFO 21468 --- [main] o.s.s.concurrent.ThreadPoolTaskExecutor  : Initializing ExecutorService 'applicationTaskExecutor'
2021-11-15 00:03:37.725  INFO 21468 --- [main] com.example.goods.GoodsApplicationTests  : Started GoodsApplicationTests in 4.726 seconds (JVM running for 5.545)
2021-11-15 00:03:38.801  INFO 21468 --- [SpringContextShutdownHook] o.s.s.concurrent.ThreadPoolTaskExecutor  : Shutting down ExecutorService 'applicationTaskExecutor'
2021-11-15 00:03:38.805  INFO 21468 --- [SpringContextShutdownHook] com.alibaba.druid.pool.DruidDataSource   : {dataSource-0} closing ...
2021-11-15 00:14:05.569  INFO 22532 --- [main] com.example.goods.GoodsApplicationTests  : Starting GoodsApplicationTests on MSI with PID 22532 (started by xiao in E:\vuefile\demo\demo13\GoodServer\Goods)
2021-11-15 00:14:05.570 DEBUG 22532 --- [main] com.example.goods.GoodsApplicationTests  : Running with Spring Boot v2.3.2.RELEASE, Spring v5.2.8.RELEASE
2021-11-15 00:14:05.571  INFO 22532 --- [main] com.example.goods.GoodsApplicationTests  : No active profile set, falling back to default profiles: default
2021-11-15 00:14:06.512  INFO 22532 --- [main] trationDelegate$BeanPostProcessorChecker : Bean 'org.springframework.security.access.expression.method.DefaultMethodSecurityExpressionHandler@53ce2392' of type [org.springframework.security.access.expression.method.DefaultMethodSecurityExpressionHandler] is not eligible for getting processed by all BeanPostProcessors (for example: not eligible for auto-proxying)
2021-11-15 00:14:06.523  INFO 22532 --- [main] trationDelegate$BeanPostProcessorChecker : Bean 'methodSecurityMetadataSource' of type [org.springframework.security.access.method.DelegatingMethodSecurityMetadataSource] is not eligible for getting processed by all BeanPostProcessors (for example: not eligible for auto-proxying)
2021-11-15 00:14:07.020  WARN 22532 --- [main] c.b.m.core.injector.AbstractMethod       : [com.example.goods.Dao.OrderCartMapper.delete] Has been loaded by XML or SqlProvider or Mybatis's Annotation, so ignoring this injection for [class com.baomidou.mybatisplus.core.injector.methods.Delete]
2021-11-15 00:14:07.024  WARN 22532 --- [main] c.b.m.core.injector.AbstractMethod       : [com.example.goods.Dao.OrderCartMapper.update] Has been loaded by XML or SqlProvider or Mybatis's Annotation, so ignoring this injection for [class com.baomidou.mybatisplus.core.injector.methods.Update]
2021-11-15 00:14:07.046  WARN 22532 --- [main] c.b.m.core.injector.AbstractMethod       : [com.example.goods.Dao.OrderMasterMapper.delete] Has been loaded by XML or SqlProvider or Mybatis's Annotation, so ignoring this injection for [class com.baomidou.mybatisplus.core.injector.methods.Delete]
2021-11-15 00:14:07.052  WARN 22532 --- [main] c.b.m.core.injector.AbstractMethod       : [com.example.goods.Dao.OrderMasterMapper.update] Has been loaded by XML or SqlProvider or Mybatis's Annotation, so ignoring this injection for [class com.baomidou.mybatisplus.core.injector.methods.Update]
2021-11-15 22:54:15.562  INFO 884 --- [main] com.example.goods.GoodsApplicationTests  : Starting GoodsApplicationTests on MSI with PID 884 (started by xiao in E:\vuefile\demo\demo13\GoodServer\Goods)
2021-11-15 22:54:15.582 DEBUG 884 --- [main] com.example.goods.GoodsApplicationTests  : Running with Spring Boot v2.3.2.RELEASE, Spring v5.2.8.RELEASE
2021-11-15 22:54:15.583  INFO 884 --- [main] com.example.goods.GoodsApplicationTests  : No active profile set, falling back to default profiles: default
2021-11-15 22:54:16.628  INFO 884 --- [main] trationDelegate$BeanPostProcessorChecker : Bean 'org.springframework.security.access.expression.method.DefaultMethodSecurityExpressionHandler@483b0690' of type [org.springframework.security.access.expression.method.DefaultMethodSecurityExpressionHandler] is not eligible for getting processed by all BeanPostProcessors (for example: not eligible for auto-proxying)
2021-11-15 22:54:16.640  INFO 884 --- [main] trationDelegate$BeanPostProcessorChecker : Bean 'methodSecurityMetadataSource' of type [org.springframework.security.access.method.DelegatingMethodSecurityMetadataSource] is not eligible for getting processed by all BeanPostProcessors (for example: not eligible for auto-proxying)
2021-11-15 22:54:17.151  WARN 884 --- [main] c.b.m.core.injector.AbstractMethod       : [com.example.goods.Dao.OrderCartMapper.delete] Has been loaded by XML or SqlProvider or Mybatis's Annotation, so ignoring this injection for [class com.baomidou.mybatisplus.core.injector.methods.Delete]
2021-11-15 22:54:17.156  WARN 884 --- [main] c.b.m.core.injector.AbstractMethod       : [com.example.goods.Dao.OrderCartMapper.update] Has been loaded by XML or SqlProvider or Mybatis's Annotation, so ignoring this injection for [class com.baomidou.mybatisplus.core.injector.methods.Update]
2021-11-15 22:54:17.185  WARN 884 --- [main] c.b.m.core.injector.AbstractMethod       : [com.example.goods.Dao.OrderMasterMapper.delete] Has been loaded by XML or SqlProvider or Mybatis's Annotation, so ignoring this injection for [class com.baomidou.mybatisplus.core.injector.methods.Delete]
2021-11-15 22:54:17.191  WARN 884 --- [main] c.b.m.core.injector.AbstractMethod       : [com.example.goods.Dao.OrderMasterMapper.update] Has been loaded by XML or SqlProvider or Mybatis's Annotation, so ignoring this injection for [class com.baomidou.mybatisplus.core.injector.methods.Update]
2021-11-15 22:54:17.664  WARN 884 --- [main] c.b.m.core.metadata.TableInfoHelper      : This primary key of "good_c_id" is primitive !不建议如此请使用包装类 in Class: "com.example.goods.pojo.Good_comment"
2021-11-15 22:54:17.691  WARN 884 --- [main] c.b.m.core.metadata.TableInfoHelper      : This primary key of "good_id" is primitive !不建议如此请使用包装类 in Class: "com.example.goods.pojo.Goods"
2021-11-15 22:54:17.859  WARN 884 --- [main] c.b.m.core.metadata.TableInfoHelper      : This primary key of "id" is primitive !不建议如此请使用包装类 in Class: "com.example.goods.pojo.GoodBrand"
2021-11-15 22:54:17.896  WARN 884 --- [main] c.b.m.core.metadata.TableInfoHelper      : This primary key of "color_id" is primitive !不建议如此请使用包装类 in Class: "com.example.goods.pojo.Good_color"
2021-11-15 22:54:17.914  WARN 884 --- [main] c.b.m.core.metadata.TableInfoHelper      : This primary key of "id" is primitive !不建议如此请使用包装类 in Class: "com.example.goods.pojo.Good_detali"
2021-11-15 22:54:17.933  WARN 884 --- [main] c.b.m.core.metadata.TableInfoHelper      : This primary key of "good_i_id" is primitive !不建议如此请使用包装类 in Class: "com.example.goods.pojo.Good_inventory"
2021-11-15 22:54:17.952  WARN 884 --- [main] c.b.m.core.metadata.TableInfoHelper      : This primary key of "size_id" is primitive !不建议如此请使用包装类 in Class: "com.example.goods.pojo.Good_size"
2021-11-15 22:54:17.972  WARN 884 --- [main] c.b.m.core.metadata.TableInfoHelper      : This primary key of "id" is primitive !不建议如此请使用包装类 in Class: "com.example.goods.pojo.Gooddetaliname"
2021-11-15 22:54:17.989  WARN 884 --- [main] c.b.m.core.metadata.TableInfoHelper      : This primary key of "good_t_id" is primitive !不建议如此请使用包装类 in Class: "com.example.goods.pojo.Good_type"
2021-11-15 22:54:18.005  WARN 884 --- [main] c.b.m.core.metadata.TableInfoHelper      : This primary key of "users_id" is primitive !不建议如此请使用包装类 in Class: "com.example.goods.pojo.User"
2021-11-15 22:54:18.677  INFO 884 --- [main] o.s.b.a.e.web.EndpointLinksResolver      : Exposing 14 endpoint(s) beneath base path '/actuator'
2021-11-15 22:54:18.719  INFO 884 --- [main] o.s.s.web.DefaultSecurityFilterChain     : Creating filter chain: any request, [org.springframework.security.web.context.request.async.WebAsyncManagerIntegrationFilter@32a033b6, org.springframework.security.web.context.SecurityContextPersistenceFilter@650a1aff, org.springframework.security.web.header.HeaderWriterFilter@7196a8f1, org.springframework.web.filter.CorsFilter@5f6e2ad9, org.springframework.security.web.authentication.logout.LogoutFilter@73aaec54, org.springframework.security.web.authentication.UsernamePasswordAuthenticationFilter@1a7e799e, org.springframework.security.web.authentication.ui.DefaultLoginPageGeneratingFilter@5c4f4330, org.springframework.security.web.authentication.ui.DefaultLogoutPageGeneratingFilter@3212bfd, org.springframework.security.web.savedrequest.RequestCacheAwareFilter@19bfbe28, org.springframework.security.web.servletapi.SecurityContextHolderAwareRequestFilter@653a5967, org.springframework.security.web.authentication.AnonymousAuthenticationFilter@1cc9bd9b, org.springframework.security.web.session.SessionManagementFilter@7f642bf, org.springframework.security.web.access.ExceptionTranslationFilter@1d1bf7bf, org.springframework.security.web.access.intercept.FilterSecurityInterceptor@18907af2]
2021-11-15 22:54:18.841  INFO 884 --- [main] o.s.s.concurrent.ThreadPoolTaskExecutor  : Initializing ExecutorService 'applicationTaskExecutor'
2021-11-15 22:54:19.064  INFO 884 --- [main] com.example.goods.GoodsApplicationTests  : Started GoodsApplicationTests in 3.778 seconds (JVM running for 4.532)
2021-11-15 22:54:19.598  INFO 884 --- [SpringContextShutdownHook] o.s.s.concurrent.ThreadPoolTaskExecutor  : Shutting down ExecutorService 'applicationTaskExecutor'
2021-11-15 22:54:19.600  INFO 884 --- [SpringContextShutdownHook] com.alibaba.druid.pool.DruidDataSource   : {dataSource-0} closing ...
2021-11-15 22:54:41.941  INFO 15512 --- [main] com.example.goods.GoodsApplicationTests  : Starting GoodsApplicationTests on MSI with PID 15512 (started by xiao in E:\vuefile\demo\demo13\GoodServer\Goods)
2021-11-15 22:54:41.942 DEBUG 15512 --- [main] com.example.goods.GoodsApplicationTests  : Running with Spring Boot v2.3.2.RELEASE, Spring v5.2.8.RELEASE
2021-11-15 22:54:41.942  INFO 15512 --- [main] com.example.goods.GoodsApplicationTests  : No active profile set, falling back to default profiles: default
2021-11-15 22:54:42.999  INFO 15512 --- [main] trationDelegate$BeanPostProcessorChecker : Bean 'org.springframework.security.access.expression.method.DefaultMethodSecurityExpressionHandler@4debbf0' of type [org.springframework.security.access.expression.method.DefaultMethodSecurityExpressionHandler] is not eligible for getting processed by all BeanPostProcessors (for example: not eligible for auto-proxying)
2021-11-15 22:54:43.010  INFO 15512 --- [main] trationDelegate$BeanPostProcessorChecker : Bean 'methodSecurityMetadataSource' of type [org.springframework.security.access.method.DelegatingMethodSecurityMetadataSource] is not eligible for getting processed by all BeanPostProcessors (for example: not eligible for auto-proxying)
2021-11-15 22:54:43.481  WARN 15512 --- [main] c.b.m.core.injector.AbstractMethod       : [com.example.goods.Dao.OrderCartMapper.delete] Has been loaded by XML or SqlProvider or Mybatis's Annotation, so ignoring this injection for [class com.baomidou.mybatisplus.core.injector.methods.Delete]
2021-11-15 22:54:43.488  WARN 15512 --- [main] c.b.m.core.injector.AbstractMethod       : [com.example.goods.Dao.OrderCartMapper.update] Has been loaded by XML or SqlProvider or Mybatis's Annotation, so ignoring this injection for [class com.baomidou.mybatisplus.core.injector.methods.Update]
2021-11-15 22:54:43.515  WARN 15512 --- [main] c.b.m.core.injector.AbstractMethod       : [com.example.goods.Dao.OrderMasterMapper.delete] Has been loaded by XML or SqlProvider or Mybatis's Annotation, so ignoring this injection for [class com.baomidou.mybatisplus.core.injector.methods.Delete]
2021-11-15 22:54:43.518  WARN 15512 --- [main] c.b.m.core.injector.AbstractMethod       : [com.example.goods.Dao.OrderMasterMapper.update] Has been loaded by XML or SqlProvider or Mybatis's Annotation, so ignoring this injection for [class com.baomidou.mybatisplus.core.injector.methods.Update]
2021-11-15 22:54:43.946  WARN 15512 --- [main] c.b.m.core.metadata.TableInfoHelper      : This primary key of "good_c_id" is primitive !不建议如此请使用包装类 in Class: "com.example.goods.pojo.Good_comment"
2021-11-15 22:54:43.975  WARN 15512 --- [main] c.b.m.core.metadata.TableInfoHelper      : This primary key of "good_id" is primitive !不建议如此请使用包装类 in Class: "com.example.goods.pojo.Goods"
2021-11-15 22:54:44.082  WARN 15512 --- [main] c.b.m.core.metadata.TableInfoHelper      : This primary key of "id" is primitive !不建议如此请使用包装类 in Class: "com.example.goods.pojo.GoodBrand"
2021-11-15 22:54:44.112  WARN 15512 --- [main] c.b.m.core.metadata.TableInfoHelper      : This primary key of "color_id" is primitive !不建议如此请使用包装类 in Class: "com.example.goods.pojo.Good_color"
2021-11-15 22:54:44.132  WARN 15512 --- [main] c.b.m.core.metadata.TableInfoHelper      : This primary key of "id" is primitive !不建议如此请使用包装类 in Class: "com.example.goods.pojo.Good_detali"
2021-11-15 22:54:44.162  WARN 15512 --- [main] c.b.m.core.metadata.TableInfoHelper      : This primary key of "good_i_id" is primitive !不建议如此请使用包装类 in Class: "com.example.goods.pojo.Good_inventory"
2021-11-15 22:54:44.179  WARN 15512 --- [main] c.b.m.core.metadata.TableInfoHelper      : This primary key of "size_id" is primitive !不建议如此请使用包装类 in Class: "com.example.goods.pojo.Good_size"
2021-11-15 22:54:44.196  WARN 15512 --- [main] c.b.m.core.metadata.TableInfoHelper      : This primary key of "id" is primitive !不建议如此请使用包装类 in Class: "com.example.goods.pojo.Gooddetaliname"
2021-11-15 22:54:44.212  WARN 15512 --- [main] c.b.m.core.metadata.TableInfoHelper      : This primary key of "good_t_id" is primitive !不建议如此请使用包装类 in Class: "com.example.goods.pojo.Good_type"
2021-11-15 22:54:44.228  WARN 15512 --- [main] c.b.m.core.metadata.TableInfoHelper      : This primary key of "users_id" is primitive !不建议如此请使用包装类 in Class: "com.example.goods.pojo.User"
2021-11-15 22:54:44.909  INFO 15512 --- [main] o.s.b.a.e.web.EndpointLinksResolver      : Exposing 14 endpoint(s) beneath base path '/actuator'
2021-11-15 22:54:44.941  INFO 15512 --- [main] o.s.s.web.DefaultSecurityFilterChain     : Creating filter chain: any request, [org.springframework.security.web.context.request.async.WebAsyncManagerIntegrationFilter@3b65084e, org.springframework.security.web.context.SecurityContextPersistenceFilter@796c68bf, org.springframework.security.web.header.HeaderWriterFilter@2b9aeedb, org.springframework.web.filter.CorsFilter@32d0d7eb, org.springframework.security.web.authentication.logout.LogoutFilter@516195cf, org.springframework.security.web.authentication.UsernamePasswordAuthenticationFilter@2f471037, org.springframework.security.web.authentication.ui.DefaultLoginPageGeneratingFilter@5d829ef0, org.springframework.security.web.authentication.ui.DefaultLogoutPageGeneratingFilter@cae2a97, org.springframework.security.web.savedrequest.RequestCacheAwareFilter@44da7eb3, org.springframework.security.web.servletapi.SecurityContextHolderAwareRequestFilter@2b170932, org.springframework.security.web.authentication.AnonymousAuthenticationFilter@7d12429, org.springframework.security.web.session.SessionManagementFilter@59a09be, org.springframework.security.web.access.ExceptionTranslationFilter@44aa91e2, org.springframework.security.web.access.intercept.FilterSecurityInterceptor@1d283d1]
2021-11-15 22:54:45.063  INFO 15512 --- [main] o.s.s.concurrent.ThreadPoolTaskExecutor  : Initializing ExecutorService 'applicationTaskExecutor'
2021-11-15 22:54:45.289  INFO 15512 --- [main] com.example.goods.GoodsApplicationTests  : Started GoodsApplicationTests in 3.668 seconds (JVM running for 4.508)
2021-11-15 22:54:45.578  INFO 15512 --- [SpringContextShutdownHook] o.s.s.concurrent.ThreadPoolTaskExecutor  : Shutting down ExecutorService 'applicationTaskExecutor'
2021-11-15 22:54:45.580  INFO 15512 --- [SpringContextShutdownHook] com.alibaba.druid.pool.DruidDataSource   : {dataSource-0} closing ...
